<?xml version="1.0" encoding="UTF-8"?>
<testsuite xmlns:xsi="http://www.w3.org/2001/XMLSchema-instance" xsi:noNamespaceSchemaLocation="https://maven.apache.org/surefire/maven-surefire-plugin/xsd/surefire-test-report.xsd" name="com.myspringapps.firstspringapp.FirstspringappApplicationTests" time="13.234" tests="2" errors="0" skipped="0" failures="0">
  <properties>
[...]
</properties>
  <testcase name="EmployeeReflectedInRead" classname="com.myspringapps.firstspringapp.FirstspringappApplicationTests" time="0.502"/>
  <testcase name="contextLoads" classname="com.myspringapps.firstspringapp.FirstspringappApplicationTests" time="0.005"/>
</testsuite>